<?xml version="1.0" encoding="UTF-8"?>
<testng-results ignored="0" total="1" passed="1" failed="0" skipped="0">
  <reporter-output>
  </reporter-output>
  <suite started-at="2021-12-17T16:03:38 IST" name="Default suite" finished-at="2021-12-17T16:04:30 IST" duration-ms="52217">
    <groups>
    </groups>
    <test started-at="2021-12-17T16:03:38 IST" name="Default test" finished-at="2021-12-17T16:04:30 IST" duration-ms="52217">
      <class name="TestCases.LoginApplication">
        <test-method signature="Login()[pri:0, instance:TestCases.LoginApplication@3012646b]" started-at="2021-12-17T16:03:38 IST" name="Login" finished-at="2021-12-17T16:04:30 IST" duration-ms="52107" status="PASS">
          <reporter-output>
          </reporter-output>
        </test-method> <!-- Login -->
      </class> <!-- TestCases.LoginApplication -->
    </test> <!-- Default test -->
  </suite> <!-- Default suite -->
</testng-results>
